2024-04-18T23:24:09.971951400+08:00 - INFO - Starting to get project configuration
2024-04-18T23:24:09.973517700+08:00 - INFO - End to get project configuration
2024-04-18T23:24:09.973576800+08:00 - INFO - Start SSL configuration
2024-04-18T23:24:09.978498700+08:00 - INFO - End SSL configuration
2024-04-18T23:24:09.978537500+08:00 - INFO - Start HttpServer
2024-04-18T23:24:09.980905+08:00 - INFO - starting 8 workers
2024-04-18T23:24:09.981004+08:00 - INFO - Actix runtime found; starting in Actix runtime
2024-04-18T23:24:14.787812800+08:00 - INFO - my_pool exec function execution query: "select recver_id from message where id = 3"
2024-04-18T23:24:14.789410100+08:00 - INFO - my_pool exec transaction has been commit
2024-04-18T23:24:14.789816900+08:00 - INFO - delete Bearer 
2024-04-18T23:24:14.790878800+08:00 - INFO - Start executing Claims::verify
2024-04-18T23:24:14.792086100+08:00 - INFO - my_pool exec function execution query: "\n            select user_id, email, password\n            from login \n            where user_id = 14"
2024-04-18T23:24:14.793541700+08:00 - INFO - my_pool exec transaction has been commit
2024-04-18T23:24:14.794781600+08:00 - INFO - End executing Claims::verify
2024-04-18T23:24:14.801422900+08:00 - INFO - update message my_pool.exec_drop
2024-04-18T23:24:20.695257700+08:00 - INFO - delete Bearer 
2024-04-18T23:24:20.696054+08:00 - INFO - Start executing Claims::verify
2024-04-18T23:24:20.697684800+08:00 - INFO - my_pool exec function execution query: "\n            select user_id, email, password\n            from login \n            where user_id = 14"
2024-04-18T23:24:20.698424700+08:00 - INFO - my_pool exec transaction has been commit
2024-04-18T23:24:20.699286400+08:00 - INFO - End executing Claims::verify
2024-04-18T23:24:20.699329200+08:00 - INFO - delete Bearer 
2024-04-18T23:24:20.700521+08:00 - INFO - my_pool query_map function execution query: "SELECT id, name, avatar_url FROM user WHERE id = 14"
2024-04-18T23:24:20.705109800+08:00 - INFO - my_pool query_map transaction has been commit
2024-04-18T23:24:20.707158300+08:00 - INFO - my_pool exec function execution query: "select follower_count, fans from user_stats where user_id = 14"
2024-04-18T23:24:20.708438400+08:00 - INFO - my_pool exec transaction has been commit
2024-04-18T23:24:20.821307600+08:00 - INFO - delete Bearer 
2024-04-18T23:24:20.821797300+08:00 - INFO - Start executing Claims::verify
2024-04-18T23:24:20.823181900+08:00 - INFO - my_pool exec function execution query: "\n            select user_id, email, password\n            from login \n            where user_id = 14"
2024-04-18T23:24:20.823933200+08:00 - INFO - my_pool exec transaction has been commit
2024-04-18T23:24:20.824495600+08:00 - INFO - End executing Claims::verify
2024-04-18T23:24:20.825465100+08:00 - INFO - my_pool exec function execution query: "select count(*) from admin where user_id = 14;"
2024-04-18T23:24:20.826646700+08:00 - INFO - my_pool exec transaction has been commit
2024-04-18T23:24:21.425334800+08:00 - INFO - Start get_userprofile_user function
2024-04-18T23:24:21.428764300+08:00 - INFO - my_pool exec function execution query: "SELECT id, name, avatar_url FROM user WHERE id = 14;"
2024-04-18T23:24:21.429894600+08:00 - INFO - my_pool exec transaction has been commit
2024-04-18T23:24:21.431312300+08:00 - INFO - my_pool exec function execution query: "SELECT follower_count, fans FROM user_stats WHERE user_id = 14;"
2024-04-18T23:24:21.432257600+08:00 - INFO - my_pool exec transaction has been commit
2024-04-18T23:24:21.432618700+08:00 - INFO - End get_userprofile_user function
2024-04-18T23:24:21.433830500+08:00 - INFO - delete Bearer 
2024-04-18T23:24:21.435178+08:00 - INFO - Start executing Claims::verify
2024-04-18T23:24:21.436565700+08:00 - INFO - my_pool exec function execution query: "\n            select user_id, email, password\n            from login \n            where user_id = 14"
2024-04-18T23:24:21.437352800+08:00 - INFO - my_pool exec transaction has been commit
2024-04-18T23:24:21.438030600+08:00 - INFO - End executing Claims::verify
2024-04-18T23:24:21.439213100+08:00 - INFO - my_pool exec function execution query: "\n        select count(*) \n        from follow\n        where follower_id = 0 and following_id = 14;"
2024-04-18T23:24:21.440554300+08:00 - INFO - my_pool exec transaction has been commit
2024-04-18T23:24:21.441165+08:00 - INFO - Satrt get_userprofile_posts function
2024-04-18T23:24:21.442452300+08:00 - INFO - my_pool query_map function execution query: "SELECT id, title, release_time, cover_url, content_url, user_id, user_name\n        FROM post \n        WHERE user_id = 14\n        LIMIT 0, 10"
2024-04-18T23:24:21.444539600+08:00 - INFO - my_pool query_map transaction has been commit
2024-04-18T23:24:21.445829+08:00 - INFO - End get_userprofile_posts function
2024-04-18T23:24:21.446106400+08:00 - INFO - Start get_userprofile_post_total_numbers function
2024-04-18T23:24:21.447470500+08:00 - INFO - my_pool exec function execution query: "SELECT COUNT(*) FROM post where user_id = 14;"
2024-04-18T23:24:21.448645300+08:00 - INFO - my_pool exec transaction has been commit
2024-04-18T23:24:21.449051400+08:00 - INFO - End get_userprofile_post_total_numbers function
2024-04-18T23:24:21.485143400+08:00 - INFO - Start get_avatar function
2024-04-18T23:24:21.485645900+08:00 - INFO - End get_avatar function
2024-04-18T23:24:21.857273600+08:00 - INFO - Start get_cover function
2024-04-18T23:24:21.857439200+08:00 - INFO - End get_cover function
2024-04-18T23:24:22.211863200+08:00 - INFO - Start get_cover function
2024-04-18T23:24:22.212067200+08:00 - INFO - End get_cover function
2024-04-18T23:24:22.212959200+08:00 - INFO - Start get_cover function
2024-04-18T23:24:22.213207700+08:00 - INFO - End get_cover function
2024-04-18T23:24:24.364781400+08:00 - INFO - delete Bearer 
2024-04-18T23:24:24.364985100+08:00 - INFO - Start executing Claims::verify
2024-04-18T23:24:24.366175300+08:00 - INFO - my_pool exec function execution query: "\n            select user_id, email, password\n            from login \n            where user_id = 14"
2024-04-18T23:24:24.368420300+08:00 - INFO - my_pool exec transaction has been commit
2024-04-18T23:24:24.374247300+08:00 - INFO - End executing Claims::verify
2024-04-18T23:24:24.376351300+08:00 - INFO - my_pool query_map function execution query: "\n        select id, sender_id, recver_id, post_id, status\n        from message \n        where recver_id = 14\n        order by id desc;\n    "
2024-04-18T23:24:24.377406300+08:00 - INFO - my_pool query_map transaction has been commit
2024-04-18T23:24:24.378869200+08:00 - INFO - my_pool query_map function execution query: "\n        select id, name, avatar_url\n        from user\n        where id in (3,3);\n    "
2024-04-18T23:24:24.380617200+08:00 - INFO - my_pool query_map transaction has been commit
2024-04-18T23:24:24.381787400+08:00 - INFO - my_pool query_map function execution query: "\n        select id, title\n        from post\n        where id in (65,65);\n    "
2024-04-18T23:24:24.382611400+08:00 - INFO - my_pool query_map transaction has been commit
2024-04-18T23:24:24.442219200+08:00 - INFO - Start get_avatar function
2024-04-18T23:24:24.442401400+08:00 - INFO - End get_avatar function
2024-04-18T23:24:29.033457400+08:00 - INFO - my_pool exec function execution query: "select recver_id from message where id = 2"
2024-04-18T23:24:29.034833200+08:00 - INFO - my_pool exec transaction has been commit
2024-04-18T23:24:29.035414400+08:00 - INFO - delete Bearer 
2024-04-18T23:24:29.036049600+08:00 - INFO - Start executing Claims::verify
2024-04-18T23:24:29.038503200+08:00 - INFO - my_pool exec function execution query: "\n            select user_id, email, password\n            from login \n            where user_id = 14"
2024-04-18T23:24:29.039501+08:00 - INFO - my_pool exec transaction has been commit
2024-04-18T23:24:29.040436300+08:00 - INFO - End executing Claims::verify
2024-04-18T23:24:29.054442400+08:00 - INFO - update message my_pool.exec_drop
2024-04-18T23:24:55.986858400+08:00 - INFO - delete Bearer 
2024-04-18T23:24:55.987439400+08:00 - INFO - Start executing Claims::verify
2024-04-18T23:24:55.989442100+08:00 - INFO - my_pool exec function execution query: "\n            select user_id, email, password\n            from login \n            where user_id = 14"
2024-04-18T23:24:55.990648700+08:00 - INFO - my_pool exec transaction has been commit
2024-04-18T23:24:55.991708600+08:00 - INFO - End executing Claims::verify
2024-04-18T23:24:55.993396100+08:00 - INFO - my_pool query_map function execution query: "\n        select id, sender_id, recver_id, post_id, status\n        from message \n        where recver_id = 14\n        order by id desc;\n    "
2024-04-18T23:24:55.994438900+08:00 - INFO - my_pool query_map transaction has been commit
2024-04-18T23:24:55.995568500+08:00 - INFO - my_pool query_map function execution query: "\n        select id, name, avatar_url\n        from user\n        where id in (3);\n    "
2024-04-18T23:24:55.996186600+08:00 - INFO - my_pool query_map transaction has been commit
2024-04-18T23:24:55.998051400+08:00 - INFO - my_pool query_map function execution query: "\n        select id, title\n        from post\n        where id in (65);\n    "
2024-04-18T23:24:55.999221200+08:00 - INFO - my_pool query_map transaction has been commit
2024-04-18T23:25:35.615963800+08:00 - INFO - my_pool query_map function execution query: "\n        select id, post_id, user_id, username, avatar_url, release_time, comment\n        from user_comment\n        where post_id = 67\n        ORDER BY release_time DESC;\n    "
2024-04-18T23:25:35.617181100+08:00 - INFO - my_pool query_map transaction has been commit
2024-04-18T23:25:35.618140600+08:00 - INFO - delete Bearer 
2024-04-18T23:25:35.618564500+08:00 - INFO - Start executing Claims::verify
2024-04-18T23:25:35.619307100+08:00 - INFO - my_pool exec function execution query: "\n            select user_id, email, password\n            from login \n            where user_id = 14"
2024-04-18T23:25:35.619889600+08:00 - INFO - my_pool exec transaction has been commit
2024-04-18T23:25:35.620308900+08:00 - INFO - End executing Claims::verify
2024-04-18T23:25:35.620925400+08:00 - INFO - my_pool exec function execution query: "\n        select count(*) from like_post \n        where user_id = 14 and post_id = 67;\n    "
2024-04-18T23:25:35.621790+08:00 - INFO - my_pool exec transaction has been commit
2024-04-18T23:25:35.622346600+08:00 - INFO - my_pool exec function execution query: "\n        select count(*) from collect_post \n        where user_id = 14 and post_id = 67;\n    "
2024-04-18T23:25:35.622916900+08:00 - INFO - my_pool exec transaction has been commit
2024-04-18T23:25:46.679694800+08:00 - INFO - my_pool query_map function execution query: "\n        select id, post_id, user_id, username, avatar_url, release_time, comment\n        from user_comment\n        where post_id = 67\n        ORDER BY release_time DESC;\n    "
2024-04-18T23:25:46.679809700+08:00 - INFO - delete Bearer 
2024-04-18T23:25:46.680172800+08:00 - INFO - Start executing Claims::verify
2024-04-18T23:25:46.680406+08:00 - INFO - my_pool query_map transaction has been commit
2024-04-18T23:25:46.681182300+08:00 - INFO - my_pool exec function execution query: "\n            select user_id, email, password\n            from login \n            where user_id = 14"
2024-04-18T23:25:46.682149100+08:00 - INFO - my_pool exec transaction has been commit
2024-04-18T23:25:46.683180100+08:00 - INFO - End executing Claims::verify
2024-04-18T23:25:46.684202500+08:00 - INFO - my_pool exec function execution query: "\n        select count(*) from like_post \n        where user_id = 14 and post_id = 67;\n    "
2024-04-18T23:25:46.685154600+08:00 - INFO - my_pool exec transaction has been commit
2024-04-18T23:25:46.686086400+08:00 - INFO - my_pool exec function execution query: "\n        select count(*) from collect_post \n        where user_id = 14 and post_id = 67;\n    "
2024-04-18T23:25:46.686907500+08:00 - INFO - my_pool exec transaction has been commit
2024-04-18T23:25:49.248507500+08:00 - INFO - my_pool query_map function execution query: "\n        select id, post_id, user_id, username, avatar_url, release_time, comment\n        from user_comment\n        where post_id = 67\n        ORDER BY release_time DESC;\n    "
2024-04-18T23:25:49.250071900+08:00 - INFO - my_pool query_map transaction has been commit
2024-04-18T23:25:49.258979800+08:00 - INFO - delete Bearer 
2024-04-18T23:25:49.259716700+08:00 - INFO - Start executing Claims::verify
2024-04-18T23:25:49.260959+08:00 - INFO - my_pool exec function execution query: "\n            select user_id, email, password\n            from login \n            where user_id = 14"
2024-04-18T23:25:49.261561800+08:00 - INFO - my_pool exec transaction has been commit
2024-04-18T23:25:49.262031400+08:00 - INFO - End executing Claims::verify
2024-04-18T23:25:49.262900300+08:00 - INFO - my_pool exec function execution query: "\n        select count(*) from like_post \n        where user_id = 14 and post_id = 67;\n    "
2024-04-18T23:25:49.263418700+08:00 - INFO - my_pool exec transaction has been commit
2024-04-18T23:25:49.264270300+08:00 - INFO - my_pool exec function execution query: "\n        select count(*) from collect_post \n        where user_id = 14 and post_id = 67;\n    "
2024-04-18T23:25:49.264753300+08:00 - INFO - my_pool exec transaction has been commit
2024-04-18T23:25:58.975443700+08:00 - INFO - delete Bearer 
2024-04-18T23:25:58.976134400+08:00 - INFO - Start executing Claims::verify
2024-04-18T23:25:58.977172500+08:00 - INFO - my_pool exec function execution query: "\n            select user_id, email, password\n            from login \n            where user_id = 14"
2024-04-18T23:25:58.977690800+08:00 - INFO - my_pool exec transaction has been commit
2024-04-18T23:25:58.977972800+08:00 - INFO - End executing Claims::verify
2024-04-18T23:25:58.978004400+08:00 - INFO - delete Bearer 
2024-04-18T23:25:58.978784500+08:00 - INFO - my_pool query_map function execution query: "SELECT id, name, avatar_url FROM user WHERE id = 14"
2024-04-18T23:25:58.979721300+08:00 - INFO - my_pool query_map transaction has been commit
2024-04-18T23:25:58.980982700+08:00 - INFO - my_pool exec function execution query: "select follower_count, fans from user_stats where user_id = 14"
2024-04-18T23:25:58.981958500+08:00 - INFO - my_pool exec transaction has been commit
2024-04-18T23:25:59.143368900+08:00 - INFO - Start get_userprofile_user function
2024-04-18T23:25:59.144565800+08:00 - INFO - my_pool exec function execution query: "SELECT id, name, avatar_url FROM user WHERE id = 14;"
2024-04-18T23:25:59.145561100+08:00 - INFO - my_pool exec transaction has been commit
2024-04-18T23:25:59.146649900+08:00 - INFO - my_pool exec function execution query: "SELECT follower_count, fans FROM user_stats WHERE user_id = 14;"
2024-04-18T23:25:59.147388900+08:00 - INFO - my_pool exec transaction has been commit
2024-04-18T23:25:59.147621800+08:00 - INFO - End get_userprofile_user function
2024-04-18T23:25:59.149442+08:00 - INFO - delete Bearer 
2024-04-18T23:25:59.149878600+08:00 - INFO - Start executing Claims::verify
2024-04-18T23:25:59.151095700+08:00 - INFO - my_pool exec function execution query: "\n            select user_id, email, password\n            from login \n            where user_id = 14"
2024-04-18T23:25:59.151741400+08:00 - INFO - my_pool exec transaction has been commit
2024-04-18T23:25:59.152248600+08:00 - INFO - End executing Claims::verify
2024-04-18T23:25:59.153111+08:00 - INFO - my_pool exec function execution query: "\n        select count(*) \n        from follow\n        where follower_id = 0 and following_id = 14;"
2024-04-18T23:25:59.154077300+08:00 - INFO - my_pool exec transaction has been commit
2024-04-18T23:25:59.155636800+08:00 - INFO - Start get_userprofile_post_total_numbers function
2024-04-18T23:25:59.156510900+08:00 - INFO - my_pool exec function execution query: "SELECT COUNT(*) FROM post where user_id = 14;"
2024-04-18T23:25:59.157540100+08:00 - INFO - my_pool exec transaction has been commit
2024-04-18T23:25:59.157881300+08:00 - INFO - End get_userprofile_post_total_numbers function
2024-04-18T23:25:59.158091500+08:00 - INFO - Satrt get_userprofile_posts function
2024-04-18T23:25:59.158727900+08:00 - INFO - my_pool query_map function execution query: "SELECT id, title, release_time, cover_url, content_url, user_id, user_name\n        FROM post \n        WHERE user_id = 14\n        LIMIT 0, 10"
2024-04-18T23:25:59.159801900+08:00 - INFO - my_pool query_map transaction has been commit
2024-04-18T23:25:59.160990400+08:00 - INFO - End get_userprofile_posts function
2024-04-18T23:25:59.416539400+08:00 - INFO - delete Bearer 
2024-04-18T23:25:59.416929800+08:00 - INFO - Start executing Claims::verify
2024-04-18T23:25:59.418159400+08:00 - INFO - my_pool exec function execution query: "\n            select user_id, email, password\n            from login \n            where user_id = 14"
2024-04-18T23:25:59.418779700+08:00 - INFO - my_pool exec transaction has been commit
2024-04-18T23:25:59.419255700+08:00 - INFO - End executing Claims::verify
2024-04-18T23:25:59.420056700+08:00 - INFO - my_pool exec function execution query: "select count(*) from admin where user_id = 14;"
2024-04-18T23:25:59.420996500+08:00 - INFO - my_pool exec transaction has been commit
2024-04-18T23:25:59.446031900+08:00 - INFO - Start get_avatar function
2024-04-18T23:25:59.446341800+08:00 - INFO - End get_avatar function
2024-04-18T23:25:59.459512600+08:00 - INFO - Start get_cover function
2024-04-18T23:25:59.459730300+08:00 - INFO - End get_cover function
2024-04-18T23:25:59.461585900+08:00 - INFO - Start get_cover function
2024-04-18T23:25:59.461811400+08:00 - INFO - End get_cover function
2024-04-18T23:26:00.831217800+08:00 - INFO - Start get_cover function
2024-04-18T23:26:00.831610200+08:00 - INFO - End get_cover function
2024-04-18T23:26:02.112911800+08:00 - INFO - my_pool exec function execution query: "SELECT COUNT(*) FROM post;"
2024-04-18T23:26:02.117231900+08:00 - INFO - my_pool exec transaction has been commit
2024-04-18T23:26:02.192158100+08:00 - INFO - my_pool exec function execution query: "SELECT COUNT(*) FROM post;"
2024-04-18T23:26:02.193941700+08:00 - INFO - my_pool exec transaction has been commit
2024-04-18T23:26:02.224455700+08:00 - INFO - my_pool query_map function execution query: "SELECT id, title, release_time, cover_url, content_url, user_id\n        FROM post\n        order by release_time desc\n        LIMIT 0, 10"
2024-04-18T23:26:02.225929400+08:00 - INFO - my_pool query_map transaction has been commit
2024-04-18T23:26:02.227051700+08:00 - INFO - my_pool query_map function execution query: "\n        select id, name\n        from user\n        where id in (3,18,14);\n    "
2024-04-18T23:26:02.227694900+08:00 - INFO - my_pool query_map transaction has been commit
2024-04-18T23:26:02.231083200+08:00 - INFO - my_pool query_map function execution query: "SELECT id, title, release_time, cover_url, content_url, user_id\n        FROM post\n        order by release_time desc\n        LIMIT 0, 10"
2024-04-18T23:26:02.233067600+08:00 - INFO - my_pool query_map transaction has been commit
2024-04-18T23:26:02.235232600+08:00 - INFO - my_pool query_map function execution query: "\n        select id, name\n        from user\n        where id in (14,18,3);\n    "
2024-04-18T23:26:02.235945600+08:00 - INFO - my_pool query_map transaction has been commit
2024-04-18T23:26:02.646224100+08:00 - INFO - Start get_cover function
2024-04-18T23:26:02.646601700+08:00 - INFO - End get_cover function
2024-04-18T23:26:02.974516100+08:00 - INFO - Start get_cover function
2024-04-18T23:26:02.974749400+08:00 - INFO - End get_cover function
2024-04-18T23:26:02.974914+08:00 - INFO - Start get_cover function
2024-04-18T23:26:02.975055300+08:00 - INFO - End get_cover function
2024-04-18T23:26:02.975173300+08:00 - INFO - Start get_cover function
2024-04-18T23:26:02.975284100+08:00 - INFO - End get_cover function
2024-04-18T23:26:05.569021700+08:00 - INFO - Start get_post function
2024-04-18T23:26:05.570527100+08:00 - INFO - my_pool query_map function execution query: "SELECT id, title, release_time, \n        cover_url, content_url, user_id, user_name FROM post where id = 67"
2024-04-18T23:26:05.571491100+08:00 - INFO - my_pool query_map transaction has been commit
2024-04-18T23:26:05.571904400+08:00 - INFO - End get_post function
2024-04-18T23:26:05.576243+08:00 - INFO - my_pool query_map function execution query: "\n        select id, post_id, user_id, username, avatar_url, release_time, comment\n        from user_comment\n        where post_id = 67\n        ORDER BY release_time DESC;\n    "
2024-04-18T23:26:05.577199100+08:00 - INFO - my_pool query_map transaction has been commit
2024-04-18T23:26:05.582065900+08:00 - INFO - delete Bearer 
2024-04-18T23:26:05.583735+08:00 - INFO - Start executing Claims::verify
2024-04-18T23:26:05.584693+08:00 - INFO - my_pool exec function execution query: "\n            select user_id, email, password\n            from login \n            where user_id = 14"
2024-04-18T23:26:05.585270800+08:00 - INFO - my_pool exec transaction has been commit
2024-04-18T23:26:05.585863900+08:00 - INFO - End executing Claims::verify
2024-04-18T23:26:05.586460500+08:00 - INFO - my_pool exec function execution query: "\n        select count(*) from like_post \n        where user_id = 14 and post_id = 67;\n    "
2024-04-18T23:26:05.586862800+08:00 - INFO - my_pool exec transaction has been commit
2024-04-18T23:26:05.587529900+08:00 - INFO - my_pool exec function execution query: "\n        select count(*) from collect_post \n        where user_id = 14 and post_id = 67;\n    "
2024-04-18T23:26:05.588024900+08:00 - INFO - my_pool exec transaction has been commit
2024-04-18T23:26:05.640657700+08:00 - INFO - Start get_user function
2024-04-18T23:26:05.642278500+08:00 - INFO - my_pool query_map function execution query: "SELECT id, name, avatar_url FROM user WHERE id = 18"
2024-04-18T23:26:05.643090800+08:00 - INFO - my_pool query_map transaction has been commit
2024-04-18T23:26:05.643454800+08:00 - INFO - End get_user function
2024-04-18T23:26:05.661868300+08:00 - INFO - Start get_avatar function
2024-04-18T23:26:05.662087400+08:00 - INFO - End get_avatar function
2024-04-18T23:26:08.614892600+08:00 - INFO - Start get_userprofile_user function
2024-04-18T23:26:08.616615900+08:00 - INFO - my_pool exec function execution query: "SELECT id, name, avatar_url FROM user WHERE id = 18;"
2024-04-18T23:26:08.617821+08:00 - INFO - my_pool exec transaction has been commit
2024-04-18T23:26:08.619404300+08:00 - INFO - my_pool exec function execution query: "SELECT follower_count, fans FROM user_stats WHERE user_id = 18;"
2024-04-18T23:26:08.620573+08:00 - INFO - my_pool exec transaction has been commit
2024-04-18T23:26:08.621029800+08:00 - INFO - End get_userprofile_user function
2024-04-18T23:26:08.628394400+08:00 - INFO - Start get_userprofile_post_total_numbers function
2024-04-18T23:26:08.629605700+08:00 - INFO - my_pool exec function execution query: "SELECT COUNT(*) FROM post where user_id = 18;"
2024-04-18T23:26:08.630619500+08:00 - INFO - my_pool exec transaction has been commit
2024-04-18T23:26:08.630932700+08:00 - INFO - End get_userprofile_post_total_numbers function
2024-04-18T23:26:08.631128400+08:00 - INFO - Satrt get_userprofile_posts function
2024-04-18T23:26:08.632328400+08:00 - INFO - my_pool query_map function execution query: "SELECT id, title, release_time, cover_url, content_url, user_id, user_name\n        FROM post \n        WHERE user_id = 18\n        LIMIT 0, 10"
2024-04-18T23:26:08.633531500+08:00 - INFO - my_pool query_map transaction has been commit
2024-04-18T23:26:08.633997200+08:00 - INFO - End get_userprofile_posts function
2024-04-18T23:26:08.640222400+08:00 - INFO - delete Bearer 
2024-04-18T23:26:08.641030600+08:00 - INFO - Start executing Claims::verify
2024-04-18T23:26:08.642389+08:00 - INFO - my_pool exec function execution query: "\n            select user_id, email, password\n            from login \n            where user_id = 14"
2024-04-18T23:26:08.643145200+08:00 - INFO - my_pool exec transaction has been commit
2024-04-18T23:26:08.643812400+08:00 - INFO - End executing Claims::verify
2024-04-18T23:26:08.644970+08:00 - INFO - my_pool exec function execution query: "\n        select count(*) \n        from follow\n        where follower_id = 14 and following_id = 18;"
2024-04-18T23:26:08.645789500+08:00 - INFO - my_pool exec transaction has been commit
2024-04-18T23:26:15.080685+08:00 - INFO - Start get_post function
2024-04-18T23:26:15.082510100+08:00 - INFO - my_pool query_map function execution query: "SELECT id, title, release_time, \n        cover_url, content_url, user_id, user_name FROM post where id = 67"
2024-04-18T23:26:15.083880500+08:00 - INFO - my_pool query_map transaction has been commit
2024-04-18T23:26:15.084244900+08:00 - INFO - End get_post function
2024-04-18T23:26:15.085072100+08:00 - INFO - my_pool query_map function execution query: "\n        select id, post_id, user_id, username, avatar_url, release_time, comment\n        from user_comment\n        where post_id = 67\n        ORDER BY release_time DESC;\n    "
2024-04-18T23:26:15.085713100+08:00 - INFO - delete Bearer 
2024-04-18T23:26:15.085908400+08:00 - INFO - my_pool query_map transaction has been commit
2024-04-18T23:26:15.086157900+08:00 - INFO - Start executing Claims::verify
2024-04-18T23:26:15.087154+08:00 - INFO - my_pool exec function execution query: "\n            select user_id, email, password\n            from login \n            where user_id = 14"
2024-04-18T23:26:15.087826200+08:00 - INFO - my_pool exec transaction has been commit
2024-04-18T23:26:15.088361800+08:00 - INFO - End executing Claims::verify
2024-04-18T23:26:15.089375100+08:00 - INFO - my_pool exec function execution query: "\n        select count(*) from like_post \n        where user_id = 14 and post_id = 67;\n    "
2024-04-18T23:26:15.090022700+08:00 - INFO - my_pool exec transaction has been commit
2024-04-18T23:26:15.091459300+08:00 - INFO - my_pool exec function execution query: "\n        select count(*) from collect_post \n        where user_id = 14 and post_id = 67;\n    "
2024-04-18T23:26:15.092211800+08:00 - INFO - my_pool exec transaction has been commit
2024-04-18T23:26:15.093545300+08:00 - INFO - Start get_user function
2024-04-18T23:26:15.094709+08:00 - INFO - my_pool query_map function execution query: "SELECT id, name, avatar_url FROM user WHERE id = 18"
2024-04-18T23:26:15.095470700+08:00 - INFO - my_pool query_map transaction has been commit
2024-04-18T23:26:15.095820900+08:00 - INFO - End get_user function
2024-04-18T23:26:19.601156800+08:00 - INFO - Start get_userprofile_user function
2024-04-18T23:26:19.602958+08:00 - INFO - my_pool exec function execution query: "SELECT id, name, avatar_url FROM user WHERE id = 14;"
2024-04-18T23:26:19.603769600+08:00 - INFO - my_pool exec transaction has been commit
2024-04-18T23:26:19.605335600+08:00 - INFO - my_pool exec function execution query: "SELECT follower_count, fans FROM user_stats WHERE user_id = 14;"
2024-04-18T23:26:19.606021600+08:00 - INFO - my_pool exec transaction has been commit
2024-04-18T23:26:19.606382500+08:00 - INFO - End get_userprofile_user function
2024-04-18T23:26:19.607751800+08:00 - INFO - delete Bearer 
2024-04-18T23:26:19.608629800+08:00 - INFO - Start executing Claims::verify
2024-04-18T23:26:19.610020600+08:00 - INFO - my_pool exec function execution query: "\n            select user_id, email, password\n            from login \n            where user_id = 14"
2024-04-18T23:26:19.610760200+08:00 - INFO - my_pool exec transaction has been commit
2024-04-18T23:26:19.611689400+08:00 - INFO - End executing Claims::verify
2024-04-18T23:26:19.612939800+08:00 - INFO - my_pool exec function execution query: "\n        select count(*) \n        from follow\n        where follower_id = 14 and following_id = 14;"
2024-04-18T23:26:19.614129400+08:00 - INFO - my_pool exec transaction has been commit
2024-04-18T23:26:19.614601400+08:00 - INFO - Start get_userprofile_post_total_numbers function
2024-04-18T23:26:19.615902400+08:00 - INFO - my_pool exec function execution query: "SELECT COUNT(*) FROM post where user_id = 14;"
2024-04-18T23:26:19.616895200+08:00 - INFO - my_pool exec transaction has been commit
2024-04-18T23:26:19.617401600+08:00 - INFO - End get_userprofile_post_total_numbers function
2024-04-18T23:26:19.617838100+08:00 - INFO - Satrt get_userprofile_posts function
2024-04-18T23:26:19.619064+08:00 - INFO - my_pool query_map function execution query: "SELECT id, title, release_time, cover_url, content_url, user_id, user_name\n        FROM post \n        WHERE user_id = 14\n        LIMIT 0, 10"
2024-04-18T23:26:19.620656500+08:00 - INFO - my_pool query_map transaction has been commit
2024-04-18T23:26:19.621648800+08:00 - INFO - End get_userprofile_posts function
2024-04-18T23:26:19.628829700+08:00 - INFO - Start get_avatar function
2024-04-18T23:26:19.629161400+08:00 - INFO - End get_avatar function
2024-04-18T23:26:19.977535700+08:00 - INFO - Start get_cover function
2024-04-18T23:26:19.977753300+08:00 - INFO - End get_cover function
2024-04-18T23:26:20.503321+08:00 - INFO - Start get_cover function
2024-04-18T23:26:20.503473300+08:00 - INFO - End get_cover function
2024-04-18T23:26:20.503651600+08:00 - INFO - Start get_cover function
2024-04-18T23:26:20.503944300+08:00 - INFO - End get_cover function
2024-04-18T23:26:22.049458200+08:00 - INFO - Start get_post function
2024-04-18T23:26:22.050699300+08:00 - INFO - my_pool query_map function execution query: "SELECT id, title, release_time, \n        cover_url, content_url, user_id, user_name FROM post where id = 67"
2024-04-18T23:26:22.051652900+08:00 - INFO - my_pool query_map transaction has been commit
2024-04-18T23:26:22.051811600+08:00 - INFO - my_pool query_map function execution query: "\n        select id, post_id, user_id, username, avatar_url, release_time, comment\n        from user_comment\n        where post_id = 67\n        ORDER BY release_time DESC;\n    "
2024-04-18T23:26:22.052045400+08:00 - INFO - End get_post function
2024-04-18T23:26:22.052743700+08:00 - INFO - my_pool query_map transaction has been commit
2024-04-18T23:26:22.053436300+08:00 - INFO - delete Bearer 
2024-04-18T23:26:22.053891800+08:00 - INFO - Start executing Claims::verify
2024-04-18T23:26:22.054974+08:00 - INFO - my_pool exec function execution query: "\n            select user_id, email, password\n            from login \n            where user_id = 14"
2024-04-18T23:26:22.055832300+08:00 - INFO - my_pool exec transaction has been commit
2024-04-18T23:26:22.056521600+08:00 - INFO - End executing Claims::verify
2024-04-18T23:26:22.057609300+08:00 - INFO - my_pool exec function execution query: "\n        select count(*) from like_post \n        where user_id = 14 and post_id = 67;\n    "
2024-04-18T23:26:22.058416100+08:00 - INFO - my_pool exec transaction has been commit
2024-04-18T23:26:22.059828+08:00 - INFO - my_pool exec function execution query: "\n        select count(*) from collect_post \n        where user_id = 14 and post_id = 67;\n    "
2024-04-18T23:26:22.060363800+08:00 - INFO - my_pool exec transaction has been commit
2024-04-18T23:26:22.131423700+08:00 - INFO - Start get_avatar function
2024-04-18T23:26:22.131676700+08:00 - INFO - Start get_user function
2024-04-18T23:26:22.131949+08:00 - INFO - End get_avatar function
2024-04-18T23:26:22.135618+08:00 - INFO - my_pool query_map function execution query: "SELECT id, name, avatar_url FROM user WHERE id = 18"
2024-04-18T23:26:22.136470100+08:00 - INFO - my_pool query_map transaction has been commit
2024-04-18T23:26:22.136900300+08:00 - INFO - End get_user function
2024-04-18T23:44:09.031748500+08:00 - INFO - SIGINT received; starting forced shutdown
2024-04-18T23:44:09.032106+08:00 - INFO - shutting down idle worker
2024-04-18T23:44:09.032228200+08:00 - INFO - shutting down idle worker
2024-04-18T23:44:09.032594400+08:00 - INFO - shutting down idle worker
2024-04-18T23:44:09.032709100+08:00 - INFO - shutting down idle worker
2024-04-18T23:44:09.033478100+08:00 - INFO - shutting down idle worker
2024-04-18T23:44:09.033540300+08:00 - INFO - force shutdown worker, closing 1 connections
2024-04-18T23:44:09.033726800+08:00 - INFO - shutting down idle worker
2024-04-18T23:44:09.034018+08:00 - INFO - accept thread stopped
2024-04-18T23:44:09.034157400+08:00 - INFO - force shutdown worker, closing 2 connections
2024-04-18T23:44:20.669875200+08:00 - INFO - Starting to get project configuration
2024-04-18T23:44:20.671521400+08:00 - INFO - End to get project configuration
2024-04-18T23:44:20.671593400+08:00 - INFO - Start SSL configuration
2024-04-18T23:44:20.677295100+08:00 - INFO - End SSL configuration
2024-04-18T23:44:20.677334600+08:00 - INFO - Start HttpServer
2024-04-18T23:44:20.678961300+08:00 - INFO - starting 8 workers
2024-04-18T23:44:20.679071100+08:00 - INFO - Actix runtime found; starting in Actix runtime
2024-04-18T23:44:22.494370400+08:00 - INFO - delete Bearer 
2024-04-18T23:44:22.495802500+08:00 - INFO - Start executing Claims::verify
2024-04-18T23:44:22.542864+08:00 - INFO - my_pool exec function execution query: "\n            select user_id, email, password\n            from login \n            where user_id = 14"
2024-04-18T23:44:22.560382100+08:00 - INFO - my_pool exec transaction has been commit
2024-04-18T23:44:22.561160+08:00 - INFO - End executing Claims::verify
2024-04-18T23:44:22.570142900+08:00 - INFO - sub_collect executing exec_drop successful
2024-04-18T23:44:32.536336200+08:00 - INFO - delete Bearer 
2024-04-18T23:44:32.537448800+08:00 - INFO - Start executing Claims::verify
2024-04-18T23:44:32.538754700+08:00 - INFO - my_pool exec function execution query: "\n            select user_id, email, password\n            from login \n            where user_id = 14"
2024-04-18T23:44:32.539368200+08:00 - INFO - my_pool exec transaction has been commit
2024-04-18T23:44:32.540181900+08:00 - INFO - End executing Claims::verify
2024-04-18T23:44:32.541917600+08:00 - INFO - my_pool exec function execution query: "\n        select user_id\n        from post\n        where id = 67;\n    "
2024-04-18T23:44:32.542956900+08:00 - INFO - my_pool exec transaction has been commit
2024-04-18T23:44:32.550153900+08:00 - INFO - add_collect executing exec_drop successful
2024-04-18T23:47:58.667301+08:00 - INFO - SIGINT received; starting forced shutdown
2024-04-18T23:47:58.667776200+08:00 - INFO - shutting down idle worker
2024-04-18T23:47:58.667824+08:00 - INFO - accept thread stopped
2024-04-18T23:47:58.667941500+08:00 - INFO - shutting down idle worker
2024-04-18T23:47:58.668045700+08:00 - INFO - shutting down idle worker
2024-04-18T23:47:58.668245+08:00 - INFO - shutting down idle worker
2024-04-18T23:47:58.668483700+08:00 - INFO - shutting down idle worker
2024-04-18T23:47:58.669081800+08:00 - INFO - shutting down idle worker
2024-04-18T23:47:58.669794500+08:00 - INFO - shutting down idle worker
2024-04-18T23:47:58.670152+08:00 - INFO - shutting down idle worker
2024-04-18T23:48:07.380789100+08:00 - INFO - Starting to get project configuration
2024-04-18T23:48:07.382133700+08:00 - INFO - End to get project configuration
2024-04-18T23:48:07.382263900+08:00 - INFO - Start SSL configuration
2024-04-18T23:48:07.386315300+08:00 - INFO - End SSL configuration
2024-04-18T23:48:07.386338200+08:00 - INFO - Start HttpServer
2024-04-18T23:48:07.388652500+08:00 - INFO - starting 8 workers
2024-04-18T23:48:07.388769400+08:00 - INFO - Actix runtime found; starting in Actix runtime
2024-04-18T23:48:10.360871+08:00 - INFO - delete Bearer 
2024-04-18T23:48:10.363202500+08:00 - INFO - Start executing Claims::verify
2024-04-18T23:48:10.482406400+08:00 - INFO - my_pool exec function execution query: "\n            select user_id, email, password\n            from login \n            where user_id = 14"
2024-04-18T23:48:10.483695200+08:00 - INFO - my_pool exec transaction has been commit
2024-04-18T23:48:10.484426700+08:00 - INFO - End executing Claims::verify
2024-04-18T23:48:10.490532900+08:00 - INFO - sub_like executing exec_drop successful
2024-04-18T23:48:11.076396800+08:00 - INFO - delete Bearer 
2024-04-18T23:48:11.077411500+08:00 - INFO - Start executing Claims::verify
2024-04-18T23:48:11.079113800+08:00 - INFO - my_pool exec function execution query: "\n            select user_id, email, password\n            from login \n            where user_id = 14"
2024-04-18T23:48:11.080002+08:00 - INFO - my_pool exec transaction has been commit
2024-04-18T23:48:11.080945200+08:00 - INFO - End executing Claims::verify
2024-04-18T23:48:11.082419500+08:00 - INFO - my_pool exec function execution query: "\n        select user_id\n        from post\n        where id = 67;\n    "
2024-04-18T23:48:11.083594100+08:00 - INFO - my_pool exec transaction has been commit
2024-04-18T23:48:11.090710600+08:00 - INFO - add_like executing exec_drop successful
2024-04-18T23:48:22.683950+08:00 - INFO - delete Bearer 
2024-04-18T23:48:22.685269600+08:00 - INFO - Start executing Claims::verify
2024-04-18T23:48:22.687573800+08:00 - INFO - my_pool exec function execution query: "\n            select user_id, email, password\n            from login \n            where user_id = 14"
2024-04-18T23:48:22.688394800+08:00 - INFO - my_pool exec transaction has been commit
2024-04-18T23:48:22.689128500+08:00 - INFO - End executing Claims::verify
2024-04-18T23:48:22.690560300+08:00 - INFO - my_pool exec function execution query: "\n        select user_id\n        from post\n        where id = 67;\n    "
2024-04-18T23:48:22.691457100+08:00 - INFO - my_pool exec transaction has been commit
2024-04-18T23:48:22.699228200+08:00 - INFO - submit comment executing exec_drop successful
2024-04-18T23:48:22.707144400+08:00 - INFO - submit_comment executing successful
2024-04-18T23:48:33.626789700+08:00 - INFO - Start get_userprofile_user function
2024-04-18T23:48:33.628393800+08:00 - INFO - my_pool exec function execution query: "SELECT id, name, avatar_url FROM user WHERE id = 14;"
2024-04-18T23:48:33.629565500+08:00 - INFO - my_pool exec transaction has been commit
2024-04-18T23:48:33.631119100+08:00 - INFO - my_pool exec function execution query: "SELECT follower_count, fans FROM user_stats WHERE user_id = 14;"
2024-04-18T23:48:33.632662100+08:00 - INFO - my_pool exec transaction has been commit
2024-04-18T23:48:33.633056900+08:00 - INFO - End get_userprofile_user function
2024-04-18T23:48:33.641299200+08:00 - INFO - delete Bearer 
2024-04-18T23:48:33.642567100+08:00 - INFO - Start executing Claims::verify
2024-04-18T23:48:33.644022300+08:00 - INFO - my_pool exec function execution query: "\n            select user_id, email, password\n            from login \n            where user_id = 14"
2024-04-18T23:48:33.644762600+08:00 - INFO - my_pool exec transaction has been commit
2024-04-18T23:48:33.645545400+08:00 - INFO - End executing Claims::verify
2024-04-18T23:48:33.646964+08:00 - INFO - my_pool exec function execution query: "\n        select count(*) \n        from follow\n        where follower_id = 14 and following_id = 14;"
2024-04-18T23:48:33.648231200+08:00 - INFO - my_pool exec transaction has been commit
2024-04-18T23:48:33.648782300+08:00 - INFO - Start get_userprofile_post_total_numbers function
2024-04-18T23:48:33.650251700+08:00 - INFO - my_pool exec function execution query: "SELECT COUNT(*) FROM post where user_id = 14;"
2024-04-18T23:48:33.651374400+08:00 - INFO - my_pool exec transaction has been commit
2024-04-18T23:48:33.651882200+08:00 - INFO - End get_userprofile_post_total_numbers function
2024-04-18T23:48:33.652138100+08:00 - INFO - Satrt get_userprofile_posts function
2024-04-18T23:48:33.653534800+08:00 - INFO - my_pool query_map function execution query: "SELECT id, title, release_time, cover_url, content_url, user_id, user_name\n        FROM post \n        WHERE user_id = 14\n        LIMIT 0, 10"
2024-04-18T23:48:33.655242900+08:00 - INFO - my_pool query_map transaction has been commit
2024-04-18T23:48:33.656517700+08:00 - INFO - End get_userprofile_posts function
2024-04-18T23:48:35.733811900+08:00 - INFO - delete Bearer 
2024-04-18T23:48:35.734565+08:00 - INFO - Start executing Claims::verify
2024-04-18T23:48:35.736212+08:00 - INFO - my_pool exec function execution query: "\n            select user_id, email, password\n            from login \n            where user_id = 14"
2024-04-18T23:48:35.736963900+08:00 - INFO - my_pool exec transaction has been commit
2024-04-18T23:48:35.737670200+08:00 - INFO - End executing Claims::verify
2024-04-18T23:48:35.738668400+08:00 - INFO - my_pool query_map function execution query: "\n        select id, sender_id, recver_id, post_id, status\n        from message \n        where recver_id = 14\n        order by id desc;\n    "
2024-04-18T23:48:35.739452+08:00 - INFO - my_pool query_map transaction has been commit
2024-04-18T23:48:35.741354500+08:00 - INFO - my_pool query_map function execution query: "\n        select id, name, avatar_url\n        from user\n        where id in (3);\n    "
2024-04-18T23:48:35.742266800+08:00 - INFO - my_pool query_map transaction has been commit
2024-04-18T23:48:35.743676500+08:00 - INFO - my_pool query_map function execution query: "\n        select id, title\n        from post\n        where id in (65);\n    "
2024-04-18T23:48:35.744762800+08:00 - INFO - my_pool query_map transaction has been commit
2024-04-18T23:48:59.322202400+08:00 - INFO - my_pool exec function execution query: "select user_id, password from login where email = '13517598084@163.com';"
2024-04-18T23:48:59.323951400+08:00 - INFO - my_pool exec transaction has been commit
2024-04-18T23:48:59.326450200+08:00 - INFO - my_pool query_map function execution query: "SELECT id, name, avatar_url FROM user WHERE id = 18"
2024-04-18T23:48:59.327581300+08:00 - INFO - my_pool query_map transaction has been commit
2024-04-18T23:48:59.329855300+08:00 - INFO - my_pool exec function execution query: "select follower_count, fans from user_stats where user_id = 18"
2024-04-18T23:48:59.331352300+08:00 - INFO - my_pool exec transaction has been commit
2024-04-18T23:48:59.379860800+08:00 - INFO - delete Bearer 
2024-04-18T23:48:59.380494300+08:00 - INFO - Start executing Claims::verify
2024-04-18T23:48:59.382249600+08:00 - INFO - my_pool exec function execution query: "\n            select user_id, email, password\n            from login \n            where user_id = 18"
2024-04-18T23:48:59.383776100+08:00 - INFO - my_pool exec transaction has been commit
2024-04-18T23:48:59.384681200+08:00 - INFO - End executing Claims::verify
2024-04-18T23:48:59.385863300+08:00 - INFO - my_pool exec function execution query: "select count(*) from admin where user_id = 18;"
2024-04-18T23:48:59.387462200+08:00 - INFO - my_pool exec transaction has been commit
2024-04-18T23:49:01.325058600+08:00 - INFO - Start get_userprofile_user function
2024-04-18T23:49:01.326363200+08:00 - INFO - my_pool exec function execution query: "SELECT id, name, avatar_url FROM user WHERE id = 18;"
2024-04-18T23:49:01.327399700+08:00 - INFO - my_pool exec transaction has been commit
2024-04-18T23:49:01.328923500+08:00 - INFO - my_pool exec function execution query: "SELECT follower_count, fans FROM user_stats WHERE user_id = 18;"
2024-04-18T23:49:01.329760800+08:00 - INFO - my_pool exec transaction has been commit
2024-04-18T23:49:01.330073700+08:00 - INFO - End get_userprofile_user function
2024-04-18T23:49:01.331679100+08:00 - INFO - Start get_userprofile_post_total_numbers function
2024-04-18T23:49:01.332757+08:00 - INFO - my_pool exec function execution query: "SELECT COUNT(*) FROM post where user_id = 18;"
2024-04-18T23:49:01.333708+08:00 - INFO - my_pool exec transaction has been commit
2024-04-18T23:49:01.334027400+08:00 - INFO - End get_userprofile_post_total_numbers function
2024-04-18T23:49:01.334254200+08:00 - INFO - Satrt get_userprofile_posts function
2024-04-18T23:49:01.335230300+08:00 - INFO - my_pool query_map function execution query: "SELECT id, title, release_time, cover_url, content_url, user_id, user_name\n        FROM post \n        WHERE user_id = 18\n        LIMIT 0, 10"
2024-04-18T23:49:01.336310900+08:00 - INFO - my_pool query_map transaction has been commit
2024-04-18T23:49:01.337219600+08:00 - INFO - End get_userprofile_posts function
2024-04-18T23:49:01.474838800+08:00 - INFO - delete Bearer 
2024-04-18T23:49:01.475996100+08:00 - INFO - Start executing Claims::verify
2024-04-18T23:49:01.477826500+08:00 - INFO - my_pool exec function execution query: "\n            select user_id, email, password\n            from login \n            where user_id = 18"
2024-04-18T23:49:01.478799700+08:00 - INFO - my_pool exec transaction has been commit
2024-04-18T23:49:01.480004400+08:00 - INFO - End executing Claims::verify
2024-04-18T23:49:01.482431500+08:00 - INFO - my_pool exec function execution query: "\n        select count(*) \n        from follow\n        where follower_id = 18 and following_id = 18;"
2024-04-18T23:49:01.483728500+08:00 - INFO - my_pool exec transaction has been commit
2024-04-18T23:49:01.530216+08:00 - INFO - Start get_cover function
2024-04-18T23:49:01.530839800+08:00 - INFO - End get_cover function
2024-04-18T23:49:01.531113700+08:00 - INFO - Start get_cover function
2024-04-18T23:49:01.531812100+08:00 - INFO - End get_cover function
2024-04-18T23:49:02.467400500+08:00 - INFO - delete Bearer 
2024-04-18T23:49:02.467789200+08:00 - INFO - Start executing Claims::verify
2024-04-18T23:49:02.469245900+08:00 - INFO - my_pool exec function execution query: "\n            select user_id, email, password\n            from login \n            where user_id = 18"
2024-04-18T23:49:02.470111200+08:00 - INFO - my_pool exec transaction has been commit
2024-04-18T23:49:02.470784400+08:00 - INFO - End executing Claims::verify
2024-04-18T23:49:02.471796600+08:00 - INFO - my_pool query_map function execution query: "\n        select id, sender_id, recver_id, post_id, status\n        from message \n        where recver_id = 18\n        order by id desc;\n    "
2024-04-18T23:49:02.472735100+08:00 - INFO - my_pool query_map transaction has been commit
2024-04-18T23:49:02.474039300+08:00 - INFO - my_pool query_map function execution query: "\n        select id, name, avatar_url\n        from user\n        where id in (14,14,14);\n    "
2024-04-18T23:49:02.474842900+08:00 - INFO - my_pool query_map transaction has been commit
2024-04-18T23:49:02.476390500+08:00 - INFO - my_pool query_map function execution query: "\n        select id, title\n        from post\n        where id in (67,67,67);\n    "
2024-04-18T23:49:02.477138+08:00 - INFO - my_pool query_map transaction has been commit
2024-04-18T23:49:04.670637600+08:00 - INFO - my_pool exec function execution query: "select recver_id from message where id = 6"
2024-04-18T23:49:04.672265500+08:00 - INFO - my_pool exec transaction has been commit
2024-04-18T23:49:04.672902800+08:00 - INFO - delete Bearer 
2024-04-18T23:49:04.673867900+08:00 - INFO - Start executing Claims::verify
2024-04-18T23:49:04.675365200+08:00 - INFO - my_pool exec function execution query: "\n            select user_id, email, password\n            from login \n            where user_id = 18"
2024-04-18T23:49:04.676299900+08:00 - INFO - my_pool exec transaction has been commit
2024-04-18T23:49:04.677251400+08:00 - INFO - End executing Claims::verify
2024-04-18T23:49:04.682978100+08:00 - INFO - update message my_pool.exec_drop
2024-04-18T23:49:05.066521800+08:00 - INFO - my_pool exec function execution query: "select recver_id from message where id = 5"
2024-04-18T23:49:05.068176500+08:00 - INFO - my_pool exec transaction has been commit
2024-04-18T23:49:05.068778400+08:00 - INFO - delete Bearer 
2024-04-18T23:49:05.069251100+08:00 - INFO - Start executing Claims::verify
2024-04-18T23:49:05.070744500+08:00 - INFO - my_pool exec function execution query: "\n            select user_id, email, password\n            from login \n            where user_id = 18"
2024-04-18T23:49:05.071664+08:00 - INFO - my_pool exec transaction has been commit
2024-04-18T23:49:05.072846800+08:00 - INFO - End executing Claims::verify
2024-04-18T23:49:05.095866800+08:00 - INFO - update message my_pool.exec_drop
2024-04-18T23:49:05.296277100+08:00 - INFO - my_pool exec function execution query: "select recver_id from message where id = 4"
2024-04-18T23:49:05.297996+08:00 - INFO - my_pool exec transaction has been commit
2024-04-18T23:49:05.298649700+08:00 - INFO - delete Bearer 
2024-04-18T23:49:05.299260900+08:00 - INFO - Start executing Claims::verify
2024-04-18T23:49:05.301118200+08:00 - INFO - my_pool exec function execution query: "\n            select user_id, email, password\n            from login \n            where user_id = 18"
2024-04-18T23:49:05.302315300+08:00 - INFO - my_pool exec transaction has been commit
2024-04-18T23:49:05.303043700+08:00 - INFO - End executing Claims::verify
2024-04-18T23:49:05.325358100+08:00 - INFO - update message my_pool.exec_drop
2024-04-18T23:49:07.446927400+08:00 - INFO - delete Bearer 
2024-04-18T23:49:07.447405400+08:00 - INFO - Start executing Claims::verify
2024-04-18T23:49:07.449031100+08:00 - INFO - my_pool exec function execution query: "\n            select user_id, email, password\n            from login \n            where user_id = 18"
2024-04-18T23:49:07.449784200+08:00 - INFO - my_pool exec transaction has been commit
2024-04-18T23:49:07.450451900+08:00 - INFO - End executing Claims::verify
2024-04-18T23:49:07.450494600+08:00 - INFO - delete Bearer 
2024-04-18T23:49:07.451640200+08:00 - INFO - my_pool query_map function execution query: "SELECT id, name, avatar_url FROM user WHERE id = 18"
2024-04-18T23:49:07.452569100+08:00 - INFO - my_pool query_map transaction has been commit
2024-04-18T23:49:07.453899+08:00 - INFO - my_pool exec function execution query: "select follower_count, fans from user_stats where user_id = 18"
2024-04-18T23:49:07.454612600+08:00 - INFO - my_pool exec transaction has been commit
2024-04-18T23:49:07.468606100+08:00 - INFO - Start get_userprofile_user function
2024-04-18T23:49:07.470676500+08:00 - INFO - my_pool exec function execution query: "SELECT id, name, avatar_url FROM user WHERE id = 18;"
2024-04-18T23:49:07.471640800+08:00 - INFO - my_pool exec transaction has been commit
2024-04-18T23:49:07.473147800+08:00 - INFO - my_pool exec function execution query: "SELECT follower_count, fans FROM user_stats WHERE user_id = 18;"
2024-04-18T23:49:07.474116600+08:00 - INFO - my_pool exec transaction has been commit
2024-04-18T23:49:07.474688200+08:00 - INFO - End get_userprofile_user function
2024-04-18T23:49:07.476021+08:00 - INFO - delete Bearer 
2024-04-18T23:49:07.476579500+08:00 - INFO - Start executing Claims::verify
2024-04-18T23:49:07.477802400+08:00 - INFO - my_pool exec function execution query: "\n            select user_id, email, password\n            from login \n            where user_id = 18"
2024-04-18T23:49:07.478498+08:00 - INFO - my_pool exec transaction has been commit
2024-04-18T23:49:07.479151700+08:00 - INFO - End executing Claims::verify
2024-04-18T23:49:07.480525900+08:00 - INFO - my_pool exec function execution query: "\n        select count(*) \n        from follow\n        where follower_id = 0 and following_id = 18;"
2024-04-18T23:49:07.481682600+08:00 - INFO - my_pool exec transaction has been commit
2024-04-18T23:49:07.483743200+08:00 - INFO - Start get_userprofile_post_total_numbers function
2024-04-18T23:49:07.485077400+08:00 - INFO - my_pool exec function execution query: "SELECT COUNT(*) FROM post where user_id = 18;"
2024-04-18T23:49:07.487511100+08:00 - INFO - my_pool exec transaction has been commit
2024-04-18T23:49:07.488111600+08:00 - INFO - End get_userprofile_post_total_numbers function
2024-04-18T23:49:07.488414200+08:00 - INFO - Satrt get_userprofile_posts function
2024-04-18T23:49:07.489851900+08:00 - INFO - my_pool query_map function execution query: "SELECT id, title, release_time, cover_url, content_url, user_id, user_name\n        FROM post \n        WHERE user_id = 18\n        LIMIT 0, 10"
2024-04-18T23:49:07.491610700+08:00 - INFO - my_pool query_map transaction has been commit
2024-04-18T23:49:07.492186600+08:00 - INFO - End get_userprofile_posts function
2024-04-18T23:49:07.493811300+08:00 - INFO - delete Bearer 
2024-04-18T23:49:07.494674200+08:00 - INFO - Start executing Claims::verify
2024-04-18T23:49:07.496215400+08:00 - INFO - my_pool exec function execution query: "\n            select user_id, email, password\n            from login \n            where user_id = 18"
2024-04-18T23:49:07.497114500+08:00 - INFO - my_pool exec transaction has been commit
2024-04-18T23:49:07.498120300+08:00 - INFO - End executing Claims::verify
2024-04-18T23:49:07.499393100+08:00 - INFO - my_pool exec function execution query: "select count(*) from admin where user_id = 18;"
2024-04-18T23:49:07.500039500+08:00 - INFO - my_pool exec transaction has been commit
2024-04-18T23:49:07.507631800+08:00 - INFO - Start get_avatar function
2024-04-18T23:49:07.507951200+08:00 - INFO - End get_avatar function
2024-04-18T23:49:07.512329700+08:00 - INFO - Start get_cover function
2024-04-18T23:49:07.512858+08:00 - INFO - End get_cover function
2024-04-18T23:49:07.513188200+08:00 - INFO - Start get_cover function
2024-04-18T23:49:07.513621600+08:00 - INFO - End get_cover function
